
[22:21:15] === Post-Pipeline Check Started ===
[22:21:15] Fetching pipelined venues with zero contacts...
[22:21:23] 
[22:21:23] === Bandwidth Entertainment (NY-AGEN-311) | West Harrison, NY | Contacts: 0 ===
[22:21:23]   Website: https://bandwidthent.com
[22:21:24]   Found emails on https://bandwidthent.com:
[22:21:24]     info@bandwidthent.com
[22:21:24]     kaufman.spencer@gmail.com
[22:21:24]   Contact form found: https://bandwidthent.com
[22:21:25]   Found emails on https://bandwidthent.com/contact:
[22:21:25]     info@bandwidthent.com
[22:21:26]   Found emails on https://bandwidthent.com/contact-us:
[22:21:26]     info@bandwidthent.com
[22:21:27]   Found emails on https://bandwidthent.com/about:
[22:21:27]     info@bandwidthent.com
[22:21:27]   Found emails on https://bandwidthent.com/events:
[22:21:27]     info@bandwidthent.com
[22:21:28]   Found emails on https://bandwidthent.com/private-events:
[22:21:28]     info@bandwidthent.com
[22:21:28]   Found emails on https://bandwidthent.com/event-contact:
[22:21:28]     info@bandwidthent.com
[22:21:31]   Saved contact form to sheet
[22:21:33]   Added contact: info@bandwidthent.com
[22:21:36]   Added contact: kaufman.spencer@gmail.com
[22:21:39]   Found & saved IG: https://www.instagram.com/bandwidthentertainment/
[22:21:42] 
[22:21:42] === Princeton Music Connection (NJ-AGEN-326) | Princeton, NJ | Contacts: 0 ===
[22:21:42]   Website: https://www.princetonmusic.com
[22:21:42]   Found emails on https://www.princetonmusic.com:
[22:21:42]     info@princetonmusic.com
[22:22:01]   Found emails on https://www.princetonmusic.com/contact-us:
[22:22:01]     info@princetonmusic.com
[22:22:01]   Contact form found: https://www.princetonmusic.com/contact-us
[22:22:24]   Found emails on https://www.princetonmusic.com/private-events:
[22:22:24]     info@princetonmusic.com
[22:22:33]   Found emails on https://www.princetonmusic.com/event-contact:
[22:22:33]     info@princetonmusic.com
[22:22:35]   Saved contact form to sheet
[22:22:37]   Added contact: info@princetonmusic.com
[22:22:40]   Found & saved IG: https://www.instagram.com/wendyzoffer/
[22:22:42] 
[22:22:42] === Gustave Le Jardin (VA-REST-841) | Alexandria, VA | Contacts: 0 ===
[22:22:42]   Website: https://gustaveboulangerie.com
[22:22:43]   Found emails on https://gustaveboulangerie.com:
[22:22:43]     anapbm@gmail.com
[22:22:43]     team@latofonts.com
[22:22:43]   Contact form found: https://gustaveboulangerie.com
[22:22:43]   Found emails on https://gustaveboulangerie.com/contact:
[22:22:43]     anapbm@gmail.com
[22:22:43]     team@latofonts.com
[22:22:43]   Found emails on https://gustaveboulangerie.com/contact-us:
[22:22:43]     anapbm@gmail.com
[22:22:43]     team@latofonts.com
[22:22:43]   Found emails on https://gustaveboulangerie.com/about:
[22:22:43]     anapbm@gmail.com
[22:22:43]     team@latofonts.com
[22:22:43]   Found emails on https://gustaveboulangerie.com/events:
[22:22:43]     anapbm@gmail.com
[22:22:43]     team@latofonts.com
[22:22:44]   Found emails on https://gustaveboulangerie.com/private-events:
[22:22:44]     anapbm@gmail.com
[22:22:44]     team@latofonts.com
[22:22:44]   Found emails on https://gustaveboulangerie.com/event-contact:
[22:22:44]     anapbm@gmail.com
[22:22:44]     team@latofonts.com
[22:22:47]   Added contact: anapbm@gmail.com
[22:22:49]   Added contact: team@latofonts.com
[22:22:52] 
[22:22:52] === Bistro L'Hermitage (VA-REST-852) | Middleburg, VA | Contacts: 0 ===
[22:22:52]   Website: https://bistrolhermitage.com
[22:22:57]   Contact form found: https://bistrolhermitage.com
[22:23:19]   Saved contact form to sheet
[22:23:19] 
[22:23:19] === Post-Pipeline Check Complete ===

[02:17:58] === Post-Pipeline Check Started ===
[02:17:58] Fetching pipelined venues with zero contacts...
[02:18:05] 
[02:18:05] === Maurizio's (MD-REST-876) | Potomac, MD | Contacts: 0 ===
[02:18:05]   Website: https://www.mauriziositalian.com
[02:18:05]   Found emails on https://www.mauriziositalian.com:
[02:18:05]     user@domain.com
[02:18:05]   Contact form found: https://www.mauriziositalian.com
[02:18:05]   Found emails on https://www.mauriziositalian.com/contact:
[02:18:05]     info@mauriziositalian.com
[02:18:05]     molly@mhco.studio
[02:18:05]     user@domain.com
[02:18:06]   Found emails on https://www.mauriziositalian.com/contact-us:
[02:18:06]     user@domain.com
[02:18:06]   Found emails on https://www.mauriziositalian.com/about:
[02:18:06]     user@domain.com
[02:18:06]   Found emails on https://www.mauriziositalian.com/events:
[02:18:06]     user@domain.com
[02:18:07]   Found emails on https://www.mauriziositalian.com/private-events:
[02:18:07]     user@domain.com
[02:18:07]   Found emails on https://www.mauriziositalian.com/event-contact:
[02:18:07]     user@domain.com
[02:18:10]   Saved contact form to sheet
[02:18:13]   Added contact: info@mauriziositalian.com
[02:18:17]   Added contact: molly@mhco.studio
[02:18:20]   Added contact: user@domain.com
[02:18:20]   [Apollo] Searching by domain: mauriziositalian.com
[02:18:20]   [Apollo] No results by domain — searching by name: Maurizio's
[02:18:20]   [Apollo] Found 0 people
[02:18:20]   Searching LinkedIn for: Maurizio's
[02:18:26]   [LinkedIn] No results
[02:18:26] 
[02:18:26] === Post-Pipeline Check Complete ===

[01:04:03] === Post-Pipeline Check Started ===
[01:04:03] Fetching pipelined venues with zero contacts...
[01:04:07] 
[01:04:07] === Post-Pipeline Check Complete ===

[01:43:15] === Post-Pipeline Check Started ===
[01:43:15] Fetching pipelined venues with zero contacts...
[01:43:23] 
[01:43:23] === Ruta Ukrainian Restaurant (DC-REST-1050) | Dupont Circle, DC | Contacts: 0 ===
[01:43:23]   Website: https://www.rutadc.us
[01:43:24]   Found emails on https://www.rutadc.us:
[01:43:24]     605a7baede844d278b89dc95ae0a9123@sentry-next.wixpress.com
[01:43:24]     88170cb0c9d64f94b5821ca7fd2d55a4@sentry-next.wixpress.com
[01:43:24]     8eb368c655b84e029ed79ad7a5c1718e@sentry.wixpress.com
[01:43:24]     9a65e97ebe8141fca0c4fd686f70996b@sentry.wixpress.com
[01:43:24]     c183baa23371454f99f417f6616b724d@sentry.wixpress.com
[01:43:24]     dd0a55ccb8124b9c9d938e3acf41f8aa@sentry.wixpress.com
[01:43:24]     e0b4d631da7b4200828051f7f9c783e3@sentry-next.wixpress.com
[01:43:24]     info@rutadc.us
[01:43:24]   Contact form found: https://www.rutadc.us
[01:43:27]   Found emails on https://www.rutadc.us/events:
[01:43:27]     605a7baede844d278b89dc95ae0a9123@sentry-next.wixpress.com
[01:43:27]     88170cb0c9d64f94b5821ca7fd2d55a4@sentry-next.wixpress.com
[01:43:27]     8eb368c655b84e029ed79ad7a5c1718e@sentry.wixpress.com
[01:43:27]     9a65e97ebe8141fca0c4fd686f70996b@sentry.wixpress.com
[01:43:27]     c183baa23371454f99f417f6616b724d@sentry.wixpress.com
[01:43:27]     dd0a55ccb8124b9c9d938e3acf41f8aa@sentry.wixpress.com
[01:43:27]     e0b4d631da7b4200828051f7f9c783e3@sentry-next.wixpress.com
[01:43:27]     info@rutadc.us
[01:43:30]   Saved contact form to sheet
[01:43:34]   Added contact: 605a7baede844d278b89dc95ae0a9123@sentry-next.wixpress.com
[01:43:36]   Added contact: 88170cb0c9d64f94b5821ca7fd2d55a4@sentry-next.wixpress.com
[01:43:39]   Added contact: 8eb368c655b84e029ed79ad7a5c1718e@sentry.wixpress.com
[01:43:42]   Added contact: 9a65e97ebe8141fca0c4fd686f70996b@sentry.wixpress.com
[01:43:45]   Added contact: c183baa23371454f99f417f6616b724d@sentry.wixpress.com
[01:43:48]   Added contact: dd0a55ccb8124b9c9d938e3acf41f8aa@sentry.wixpress.com
[01:43:51]   Added contact: e0b4d631da7b4200828051f7f9c783e3@sentry-next.wixpress.com
[01:43:54]   Added contact: info@rutadc.us
[01:43:55]   [Apollo] Searching by domain: rutadc.us
[01:43:55]   [Apollo] No results by domain — searching by name: Ruta Ukrainian Restaurant
[01:43:55]   [Apollo] Found 0 people
[01:43:55]   Searching LinkedIn for: Ruta Ukrainian Restaurant
[01:44:00]   [LinkedIn] No results
[01:44:00] 
[01:44:00] === Post-Pipeline Check Complete ===
